2024-02-08 18:47:35,184 DataBase doesn't need updating
2024-02-08 18:48:05,320 DataBase doesn't need updating
2024-02-08 18:48:20,858 DataBase doesn't need updating
2024-02-08 18:48:31,627 DataBase doesn't need updating
2024-02-08 18:49:20,120 DataBase doesn't need updating
2024-02-08 18:58:56,450 DataBase doesn't need updating
2024-02-08 18:58:56,451 DataBase doesn't need updating
2024-02-08 18:59:44,353 DataBase doesn't need updating
2024-02-08 18:59:44,354 DataBase doesn't need updating
2024-02-08 19:00:16,274 DataBase doesn't need updating
2024-02-08 19:00:16,276 DataBase doesn't need updating
2024-02-08 19:00:39,620 DataBase doesn't need updating
2024-02-08 19:00:39,622 DataBase doesn't need updating
2024-02-08 19:00:47,067 DataBase doesn't need updating
2024-02-08 19:00:47,068 DataBase doesn't need updating
2024-02-08 19:01:04,161 DataBase doesn't need updating
2024-02-08 19:01:04,164 DataBase doesn't need updating
2024-02-08 19:01:16,004 DataBase doesn't need updating
2024-02-08 19:01:16,007 DataBase doesn't need updating
2024-02-08 19:01:56,303 DataBase doesn't need updating
2024-02-08 19:01:56,319 DataBase doesn't need updating
2024-02-08 19:02:23,342 DataBase doesn't need updating
2024-02-08 19:02:34,094 DataBase doesn't need updating
2024-02-08 19:06:09,346 DataBase doesn't need updating
2024-02-08 19:06:19,756 DataBase doesn't need updating
2024-02-08 19:08:16,594 DataBase doesn't need updating
2024-02-08 19:08:48,411 DataBase doesn't need updating
2024-02-08 19:15:31,023 DataBase doesn't need updating
2024-02-08 19:18:54,741 DataBase doesn't need updating
2024-02-08 19:24:27,450 DataBase doesn't need updating
2024-02-08 19:36:41,738 DataBase doesn't need updating
2024-02-08 19:36:54,243 DataBase doesn't need updating
2024-02-08 19:37:29,527 DataBase doesn't need updating
2024-02-08 19:38:17,904 DataBase doesn't need updating
2024-02-08 19:43:53,885 DataBase doesn't need updating
2024-02-08 19:43:54,529 Asus ROG Phone 8 add to DataBase
2024-02-08 19:43:54,529 Asus ROG Phone 8 Pro add to DataBase
2024-02-08 19:43:54,529 Asus Zenfone 10 add to DataBase
2024-02-08 19:43:54,529 Asus ROG Phone 7 Ultimate add to DataBase
2024-02-08 19:43:54,529 Asus ROG Phone 7 add to DataBase
2024-02-08 19:43:54,529 Asus ROG Phone 6D add to DataBase
2024-02-08 19:43:54,530 Asus Zenfone 9 add to DataBase
2024-02-08 19:43:54,530 Asus ROG Phone 6 add to DataBase
2024-02-08 19:43:54,530 Asus ROG Phone 5 add to DataBase
2024-02-08 19:44:15,014 Asus ROG Phone 8 add to DataBase
2024-02-08 19:44:15,015 Asus ROG Phone 8 Pro add to DataBase
2024-02-08 19:44:15,015 Asus Zenfone 10 add to DataBase
2024-02-08 19:44:15,015 Asus ROG Phone 7 Ultimate add to DataBase
2024-02-08 19:44:15,015 Asus ROG Phone 7 add to DataBase
2024-02-08 19:44:15,015 Asus ROG Phone 6D add to DataBase
2024-02-08 19:44:15,015 Asus Zenfone 9 add to DataBase
2024-02-08 19:44:15,015 Asus ROG Phone 6 add to DataBase
2024-02-08 19:44:15,015 Asus ROG Phone 5 add to DataBase
2024-02-08 19:45:24,994 DataBase doesn't need updating
2024-02-08 19:45:25,474 DataBase ITEMS doesn't need updating
2024-02-08 19:46:11,506 DataBase doesn't need updating
2024-02-08 19:46:12,011 DataBase ITEMS doesn't need updating
2024-02-08 19:46:17,571 Oppo Reno 11 add to DataBase
2024-02-08 19:46:17,571 Oppo Reno 11 Pro add to DataBase
2024-02-08 19:46:17,571 Oppo Find X7 Ultra add to DataBase
2024-02-08 19:46:17,571 Oppo Reno 10 Pro 5G add to DataBase
2024-02-08 19:46:17,571 Oppo Reno 10 5G add to DataBase
2024-02-08 19:46:17,571 Oppo A98 add to DataBase
2024-02-08 19:46:17,571 Oppo Find X6 Pro add to DataBase
2024-02-08 19:46:17,571 Oppo Find X6 add to DataBase
2024-02-08 19:46:17,571 Oppo Reno 8T add to DataBase
2024-02-08 19:46:17,571 Oppo A78 add to DataBase
2024-02-08 19:46:17,571 Oppo Reno 8 add to DataBase
2024-02-08 19:46:17,571 Oppo Reno 8 Pro add to DataBase
2024-02-08 19:46:17,571 Oppo A96 add to DataBase
2024-02-08 19:46:17,571 Oppo Find X5 Lite add to DataBase
2024-02-08 19:46:17,571 Oppo Find X5 add to DataBase
2024-02-08 19:46:17,571 Oppo Find X5 Pro add to DataBase
2024-02-08 19:46:17,571 Oppo A54 add to DataBase
2024-02-08 19:46:17,572 Oppo Find X3 Neo add to DataBase
2024-02-08 19:46:17,572 Oppo Find X3 Pro add to DataBase
2024-02-08 19:46:17,572 Oppo Find X2 Pro add to DataBase
2024-02-08 19:46:23,094 Realme 12 Pro Plus 5G add to DataBase
2024-02-08 19:46:23,094 Realme 12 Pro 5G add to DataBase
2024-02-08 19:46:23,094 Realme C67 add to DataBase
2024-02-08 19:46:23,094 Realme GT5 Pro add to DataBase
2024-02-08 19:46:23,094 Realme GT5 add to DataBase
2024-02-08 19:46:23,094 Realme C51 add to DataBase
2024-02-08 19:46:23,094 Realme C53 add to DataBase
2024-02-08 19:46:23,094 Realme 11 add to DataBase
2024-02-08 19:46:23,094 Realme 11 Pro add to DataBase
2024-02-08 19:46:23,095 Realme 11 Pro Plus add to DataBase
2024-02-08 19:46:23,095 Realme GT Neo 5 SE add to DataBase
2024-02-08 19:46:23,095 Realme C55 add to DataBase
2024-02-08 19:46:23,095 Realme GT3 add to DataBase
2024-02-08 19:46:23,095 Realme GT Neo 5 add to DataBase
2024-02-08 19:46:23,095 Realme 10 Pro Plus add to DataBase
2024-02-08 19:46:23,095 Realme 10 Pro add to DataBase
2024-02-08 19:46:23,095 Realme 10 add to DataBase
2024-02-08 19:46:23,095 Realme C30s add to DataBase
2024-02-08 19:46:23,095 Realme C33 add to DataBase
2024-02-08 19:46:23,095 Realme C30 add to DataBase
2024-02-08 19:46:23,095 Realme GT Neo 3T add to DataBase
2024-02-08 19:46:23,095 Realme 9 5G add to DataBase
2024-02-08 19:46:23,095 Realme 9 add to DataBase
2024-02-08 19:46:23,095 Realme GT Neo 3 add to DataBase
2024-02-08 19:46:23,095 Realme 9 Pro Plus add to DataBase
2024-02-08 19:46:23,095 Realme 9 Pro add to DataBase
2024-02-08 19:46:23,095 Realme C35 add to DataBase
2024-02-08 19:46:23,095 Realme 9i add to DataBase
2024-02-08 19:46:23,095 Realme GT2 Pro add to DataBase
2024-02-08 19:46:23,095 Realme GT Neo 2 add to DataBase
2024-02-08 19:46:23,095 Realme 8i add to DataBase
2024-02-08 19:46:23,095 Realme GT Master Edition add to DataBase
2024-02-08 19:46:23,095 Realme 8 Pro add to DataBase
2024-02-08 19:46:23,096 Realme 8 add to DataBase
2024-02-08 19:46:23,096 Realme GT 5G add to DataBase
2024-02-08 19:46:23,096 Realme 6 add to DataBase
2024-02-08 19:46:23,096 Realme 6 Pro add to DataBase
2024-02-08 19:50:06,318 DataBase doesn't need updating
2024-02-08 19:50:06,801 DataBase ITEMS doesn't need updating
2024-02-08 19:50:12,272 DataBase ITEMS doesn't need updating
2024-02-08 19:50:42,846 DataBase doesn't need updating
2024-02-08 19:50:43,347 DataBase ITEMS doesn't need updating
2024-02-08 19:50:48,852 DataBase ITEMS doesn't need updating
2024-02-08 19:50:54,353 Realme 12 Pro Plus 5G add to DataBase
2024-02-08 19:50:54,354 Realme 12 Pro 5G add to DataBase
2024-02-08 19:50:54,354 Realme C67 add to DataBase
2024-02-08 19:50:54,354 Realme GT5 Pro add to DataBase
2024-02-08 19:50:54,354 Realme GT5 add to DataBase
2024-02-08 19:50:54,354 Realme C51 add to DataBase
2024-02-08 19:50:54,354 Realme C53 add to DataBase
2024-02-08 19:50:54,355 Realme 11 add to DataBase
2024-02-08 19:50:54,355 Realme 11 Pro add to DataBase
2024-02-08 19:50:54,355 Realme 11 Pro Plus add to DataBase
2024-02-08 19:50:54,355 Realme GT Neo 5 SE add to DataBase
2024-02-08 19:50:54,355 Realme C55 add to DataBase
2024-02-08 19:50:54,355 Realme GT3 add to DataBase
2024-02-08 19:50:54,355 Realme GT Neo 5 add to DataBase
2024-02-08 19:50:54,355 Realme 10 Pro Plus add to DataBase
2024-02-08 19:50:54,355 Realme 10 Pro add to DataBase
2024-02-08 19:50:54,355 Realme 10 add to DataBase
2024-02-08 19:50:54,355 Realme C30s add to DataBase
2024-02-08 19:50:54,355 Realme C33 add to DataBase
2024-02-08 19:50:54,355 Realme C30 add to DataBase
2024-02-08 19:50:54,355 Realme GT Neo 3T add to DataBase
2024-02-08 19:50:54,355 Realme 9 5G add to DataBase
2024-02-08 19:50:54,355 Realme 9 add to DataBase
2024-02-08 19:50:54,355 Realme GT Neo 3 add to DataBase
2024-02-08 19:50:54,355 Realme 9 Pro Plus add to DataBase
2024-02-08 19:50:54,355 Realme 9 Pro add to DataBase
2024-02-08 19:50:54,355 Realme C35 add to DataBase
2024-02-08 19:50:54,355 Realme 9i add to DataBase
2024-02-08 19:50:54,355 Realme GT2 Pro add to DataBase
2024-02-08 19:50:54,355 Realme GT Neo 2 add to DataBase
2024-02-08 19:50:54,355 Realme 8i add to DataBase
2024-02-08 19:50:54,355 Realme GT Master Edition add to DataBase
2024-02-08 19:50:54,355 Realme 8 Pro add to DataBase
2024-02-08 19:50:54,355 Realme 8 add to DataBase
2024-02-08 19:50:54,356 Realme GT 5G add to DataBase
2024-02-08 19:50:54,356 Realme 6 add to DataBase
2024-02-08 19:50:54,356 Realme 6 Pro add to DataBase
2024-02-08 19:50:59,858 Apple iPhone 15 Plus add to DataBase
2024-02-08 19:50:59,858 Apple iPhone 15 add to DataBase
2024-02-08 19:50:59,858 Apple iPhone 15 Pro add to DataBase
2024-02-08 19:50:59,858 Apple iPhone 15 Pro Max add to DataBase
2024-02-08 19:50:59,858 Apple iPhone 14 add to DataBase
2024-02-08 19:50:59,858 Apple iPhone 14 Plus add to DataBase
2024-02-08 19:50:59,858 Apple iPhone 14 Pro add to DataBase
2024-02-08 19:50:59,858 Apple iPhone 14 Pro Max add to DataBase
2024-02-08 19:50:59,858 Apple iPhone SE (2022) add to DataBase
2024-02-08 19:50:59,858 Apple iPhone 13 Pro Max add to DataBase
2024-02-08 19:50:59,858 Apple iPhone 13 Pro add to DataBase
2024-02-08 19:50:59,858 Apple iPhone 13 mini add to DataBase
2024-02-08 19:50:59,858 Apple iPhone 13 add to DataBase
2024-02-08 19:50:59,858 Apple iPhone 12 mini add to DataBase
2024-02-08 19:50:59,858 Apple iPhone 12 Pro add to DataBase
2024-02-08 19:50:59,858 Apple iPhone 12 add to DataBase
2024-02-08 19:50:59,858 Apple iPhone 12 Pro Max add to DataBase
2024-02-08 19:50:59,858 Apple iPhone SE (2020) add to DataBase
2024-02-08 19:50:59,858 Apple iPhone 11 Pro Max add to DataBase
2024-02-08 19:50:59,858 Apple iPhone 11 Pro add to DataBase
2024-02-08 19:50:59,858 Apple iPhone 11 add to DataBase
2024-02-08 19:50:59,858 Apple iPhone XS add to DataBase
2024-02-08 19:50:59,858 Apple iPhone XR add to DataBase
2024-02-08 19:50:59,858 Apple iPhone XS Max add to DataBase
2024-02-08 19:50:59,858 Apple iPhone X add to DataBase
2024-02-08 19:50:59,858 Apple iPhone 8 Plus add to DataBase
2024-02-08 19:50:59,858 Apple iPhone 8 add to DataBase
2024-02-08 19:50:59,858 Apple iPhone 7 Plus add to DataBase
2024-02-08 19:50:59,858 Apple iPhone 7 add to DataBase
2024-02-08 19:52:51,212 DataBase doesn't need updating
2024-02-08 19:52:51,729 DataBase ITEMS doesn't need updating
2024-02-08 19:52:57,205 DataBase ITEMS doesn't need updating
2024-02-08 19:53:02,732 DataBase ITEMS doesn't need updating
2024-02-08 19:53:08,259 Apple iPhone 15 Plus add to DataBase
2024-02-08 19:53:08,260 Apple iPhone 15 add to DataBase
2024-02-08 19:53:08,260 Apple iPhone 15 Pro add to DataBase
2024-02-08 19:53:08,260 Apple iPhone 15 Pro Max add to DataBase
2024-02-08 19:53:08,260 Apple iPhone 14 add to DataBase
2024-02-08 19:53:08,260 Apple iPhone 14 Plus add to DataBase
2024-02-08 19:53:08,260 Apple iPhone 14 Pro add to DataBase
2024-02-08 19:53:08,260 Apple iPhone 14 Pro Max add to DataBase
2024-02-08 19:53:08,260 Apple iPhone SE (2022) add to DataBase
2024-02-08 19:53:08,260 Apple iPhone 13 Pro Max add to DataBase
2024-02-08 19:53:08,260 Apple iPhone 13 Pro add to DataBase
2024-02-08 19:53:08,260 Apple iPhone 13 mini add to DataBase
2024-02-08 19:53:08,260 Apple iPhone 13 add to DataBase
2024-02-08 19:53:08,260 Apple iPhone 12 mini add to DataBase
2024-02-08 19:53:08,261 Apple iPhone 12 Pro add to DataBase
2024-02-08 19:53:08,261 Apple iPhone 12 add to DataBase
2024-02-08 19:53:08,261 Apple iPhone 12 Pro Max add to DataBase
2024-02-08 19:53:08,261 Apple iPhone SE (2020) add to DataBase
2024-02-08 19:53:08,261 Apple iPhone 11 Pro Max add to DataBase
2024-02-08 19:53:08,261 Apple iPhone 11 Pro add to DataBase
2024-02-08 19:53:08,261 Apple iPhone 11 add to DataBase
2024-02-08 19:53:08,261 Apple iPhone XS add to DataBase
2024-02-08 19:53:08,261 Apple iPhone XR add to DataBase
2024-02-08 19:53:08,261 Apple iPhone XS Max add to DataBase
2024-02-08 19:53:08,261 Apple iPhone X add to DataBase
2024-02-08 19:53:08,261 Apple iPhone 8 Plus add to DataBase
2024-02-08 19:53:08,261 Apple iPhone 8 add to DataBase
2024-02-08 19:53:08,261 Apple iPhone 7 Plus add to DataBase
2024-02-08 19:53:08,261 Apple iPhone 7 add to DataBase
2024-02-08 19:53:13,820 Infinix Hot 40 Pro add to DataBase
2024-02-08 19:53:13,820 Infinix Hot 40i add to DataBase
2024-02-08 19:53:13,820 Infinix Hot 40 add to DataBase
2024-02-08 19:53:13,820 Tecno Spark 20C add to DataBase
2024-02-08 19:53:13,820 Tecno Spark Go 2024 add to DataBase
2024-02-08 19:53:13,820 Tecno Pop 8 add to DataBase
2024-02-08 19:53:13,820 Infinix Zero 30 5G add to DataBase
2024-02-08 19:53:13,820 Fairphone 5 add to DataBase
2024-02-08 19:53:13,820 Infinix GT 10 Pro add to DataBase
2024-02-08 19:53:13,820 Tecno Pova 5 Pro add to DataBase
2024-02-08 19:53:13,820 Nothing Phone (2) add to DataBase
2024-02-08 19:53:13,820 Tecno Pova 5 add to DataBase
2024-02-08 19:53:13,820 Tecno Pova Neo 3 add to DataBase
2024-02-08 19:53:13,820 Infinix Note 30 VIP add to DataBase
2024-02-08 19:53:13,820 Infinix Note 30 Pro add to DataBase
2024-02-08 19:53:13,820 Infinix Note 30 add to DataBase
2024-02-08 19:53:13,820 Infinix Note 30i add to DataBase
2024-02-08 19:53:13,820 Tecno Camon 20 Premier add to DataBase
2024-02-08 19:53:13,820 Tecno Camon 20 add to DataBase
2024-02-08 19:53:13,820 Tecno Camon 20 Pro add to DataBase
2024-02-08 19:53:13,820 Tecno Camon 20 Pro 5G add to DataBase
2024-02-08 19:53:13,820 Infinix Hot 30i add to DataBase
2024-02-08 19:53:13,820 Infinix Hot 30 add to DataBase
2024-02-08 19:53:13,820 Tecno Spark 10C add to DataBase
2024-02-08 19:53:13,820 Tecno Spark 10 add to DataBase
2024-02-08 19:53:13,820 Tecno Spark 10 Pro add to DataBase
2024-02-08 19:53:13,820 Infinix Smart 7 add to DataBase
2024-02-08 19:53:13,820 Tecno Spark Go 2023 add to DataBase
2024-02-08 19:53:13,820 Tecno Pova 4 Pro add to DataBase
2024-02-08 19:53:13,820 Tecno Pova 4 add to DataBase
2024-02-08 19:53:13,820 Infinix Note 12 (2023) add to DataBase
2024-02-08 19:53:13,820 Infinix Note 12 Pro add to DataBase
2024-02-08 19:53:13,820 Nothing Phone (1) add to DataBase
2024-02-08 19:53:13,820 Tecno Camon 19 Pro add to DataBase
2024-02-08 19:53:13,820 Tecno Camon 19 add to DataBase
2024-02-08 19:53:13,820 Tecno Pova 3 add to DataBase
2024-02-08 19:53:13,820 Infinix Zero 5G add to DataBase
2024-02-08 19:53:13,820 Tecno Spark 8C add to DataBase
2024-02-08 19:53:13,820 Tecno Pova 2 add to DataBase
2024-02-08 19:53:13,820 Infinix Note 10 Pro add to DataBase
2024-02-08 19:54:18,012 DataBase doesn't need updating
2024-02-08 19:54:18,556 DataBase ITEMS doesn't need updating
2024-02-08 19:54:24,062 DataBase ITEMS doesn't need updating
2024-02-08 19:54:29,578 DataBase ITEMS doesn't need updating
2024-02-08 19:54:35,132 DataBase ITEMS doesn't need updating
2024-02-08 19:54:40,633 Infinix Hot 40 Pro add to DataBase
2024-02-08 19:54:40,633 Infinix Hot 40i add to DataBase
2024-02-08 19:54:40,633 Infinix Hot 40 add to DataBase
2024-02-08 19:54:40,633 Tecno Spark 20C add to DataBase
2024-02-08 19:54:40,633 Tecno Spark Go 2024 add to DataBase
2024-02-08 19:54:40,633 Tecno Pop 8 add to DataBase
2024-02-08 19:54:40,633 Infinix Zero 30 5G add to DataBase
2024-02-08 19:54:40,633 Fairphone 5 add to DataBase
2024-02-08 19:54:40,633 Infinix GT 10 Pro add to DataBase
2024-02-08 19:54:40,633 Tecno Pova 5 Pro add to DataBase
2024-02-08 19:54:40,633 Nothing Phone (2) add to DataBase
2024-02-08 19:54:40,634 Tecno Pova 5 add to DataBase
2024-02-08 19:54:40,634 Tecno Pova Neo 3 add to DataBase
2024-02-08 19:54:40,634 Infinix Note 30 VIP add to DataBase
2024-02-08 19:54:40,634 Infinix Note 30 Pro add to DataBase
2024-02-08 19:54:40,634 Infinix Note 30 add to DataBase
2024-02-08 19:54:40,634 Infinix Note 30i add to DataBase
2024-02-08 19:54:40,634 Tecno Camon 20 Premier add to DataBase
2024-02-08 19:54:40,634 Tecno Camon 20 add to DataBase
2024-02-08 19:54:40,634 Tecno Camon 20 Pro add to DataBase
2024-02-08 19:54:40,634 Tecno Camon 20 Pro 5G add to DataBase
2024-02-08 19:54:40,634 Infinix Hot 30i add to DataBase
2024-02-08 19:54:40,634 Infinix Hot 30 add to DataBase
2024-02-08 19:54:40,634 Tecno Spark 10C add to DataBase
2024-02-08 19:54:40,634 Tecno Spark 10 add to DataBase
2024-02-08 19:54:40,634 Tecno Spark 10 Pro add to DataBase
2024-02-08 19:54:40,634 Infinix Smart 7 add to DataBase
2024-02-08 19:54:40,634 Tecno Spark Go 2023 add to DataBase
2024-02-08 19:54:40,634 Tecno Pova 4 Pro add to DataBase
2024-02-08 19:54:40,634 Tecno Pova 4 add to DataBase
2024-02-08 19:54:40,634 Infinix Note 12 (2023) add to DataBase
2024-02-08 19:54:40,634 Infinix Note 12 Pro add to DataBase
2024-02-08 19:54:40,634 Nothing Phone (1) add to DataBase
2024-02-08 19:54:40,634 Tecno Camon 19 Pro add to DataBase
2024-02-08 19:54:40,634 Tecno Camon 19 add to DataBase
2024-02-08 19:54:40,634 Tecno Pova 3 add to DataBase
2024-02-08 19:54:40,634 Infinix Zero 5G add to DataBase
2024-02-08 19:54:40,634 Tecno Spark 8C add to DataBase
2024-02-08 19:54:40,634 Tecno Pova 2 add to DataBase
2024-02-08 19:54:40,634 Infinix Note 10 Pro add to DataBase
2024-02-08 19:54:46,208 Samsung Galaxy S24 Plus (Exynos) add to DataBase
2024-02-08 19:54:46,208 Samsung Galaxy S24 (Exynos) add to DataBase
2024-02-08 19:54:46,208 Samsung Galaxy S24 Plus (Snapdragon) add to DataBase
2024-02-08 19:54:46,208 Samsung Galaxy S24 (Snapdragon) add to DataBase
2024-02-08 19:54:46,208 Samsung Galaxy S24 Ultra add to DataBase
2024-02-08 19:54:46,208 Samsung Galaxy Xcover 7 add to DataBase
2024-02-08 19:54:46,208 Samsung Galaxy A15 4G add to DataBase
2024-02-08 19:54:46,208 Samsung Galaxy A15 5G add to DataBase
2024-02-08 19:54:46,208 Samsung Galaxy A25 add to DataBase
2024-02-08 19:54:46,208 Samsung Galaxy S23 FE (Exynos) add to DataBase
2024-02-08 19:54:46,208 Samsung Galaxy S23 FE (Snapdragon) add to DataBase
2024-02-08 19:54:46,208 Samsung Galaxy A05s add to DataBase
2024-02-08 19:54:46,208 Samsung Galaxy A05 add to DataBase
2024-02-08 19:54:46,208 Samsung Galaxy Z Flip 5 add to DataBase
2024-02-08 19:54:46,209 Samsung Galaxy Z Fold 5 add to DataBase
2024-02-08 19:54:46,209 Samsung Galaxy M34 5G add to DataBase
2024-02-08 19:54:46,209 Samsung Galaxy A24 4G add to DataBase
2024-02-08 19:54:46,209 Samsung Galaxy M54 add to DataBase
2024-02-08 19:54:46,209 Samsung Galaxy A34 5G add to DataBase
2024-02-08 19:54:46,209 Samsung Galaxy A54 5G add to DataBase
2024-02-08 19:54:46,209 Samsung Galaxy M14 add to DataBase
2024-02-08 19:54:46,209 Samsung Galaxy A14 add to DataBase
2024-02-08 19:54:46,209 Samsung Galaxy S23 Ultra add to DataBase
2024-02-08 19:54:46,209 Samsung Galaxy S23 Plus add to DataBase
2024-02-08 19:54:46,209 Samsung Galaxy S23 add to DataBase
2024-02-08 19:54:46,209 Samsung Galaxy A14 5G add to DataBase
2024-02-08 19:54:46,209 Samsung Galaxy A04e add to DataBase
2024-02-08 19:54:46,209 Samsung Galaxy A04s add to DataBase
2024-02-08 19:54:46,209 Samsung Galaxy A04 add to DataBase
2024-02-08 19:54:46,209 Samsung Galaxy Z Flip 4 add to DataBase
2024-02-08 19:54:46,209 Samsung Galaxy Z Fold 4 add to DataBase
2024-02-08 19:54:46,209 Samsung Galaxy A23 5G add to DataBase
2024-02-08 19:54:46,209 Samsung Galaxy Xcover 6 Pro add to DataBase
2024-02-08 19:54:46,209 Samsung Galaxy M13 add to DataBase
2024-02-08 19:54:46,209 Samsung Galaxy M53 add to DataBase
2024-02-08 19:54:46,209 Samsung Galaxy A73 5G add to DataBase
2024-02-08 19:54:46,209 Samsung Galaxy A53 5G add to DataBase
2024-02-08 19:54:46,209 Samsung Galaxy A33 5G add to DataBase
2024-02-08 19:54:46,209 Samsung Galaxy M33 5G add to DataBase
2024-02-08 19:54:46,209 Samsung Galaxy A23 add to DataBase
2024-02-08 19:54:46,209 Samsung Galaxy M23 add to DataBase
2024-02-08 19:54:46,209 Samsung Galaxy A13 add to DataBase
2024-02-08 19:54:46,209 Samsung Galaxy S22 (Snapdragon) add to DataBase
2024-02-08 19:54:46,209 Samsung Galaxy S22 add to DataBase
2024-02-08 19:54:46,209 Samsung Galaxy S22 Plus (Snapdragon) add to DataBase
2024-02-08 19:54:46,209 Samsung Galaxy S22 Plus add to DataBase
2024-02-08 19:54:46,209 Samsung Galaxy S22 Ultra (Snapdragon) add to DataBase
2024-02-08 19:54:46,209 Samsung Galaxy S22 Ultra add to DataBase
2024-02-08 19:54:46,209 Samsung Galaxy S21 FE 5G add to DataBase
2024-02-08 19:54:46,209 Samsung Galaxy A13 5G add to DataBase
2024-02-08 19:54:46,209 Samsung Galaxy A03 add to DataBase
2024-02-08 19:54:46,209 Samsung Galaxy A03 Core add to DataBase
2024-02-08 19:54:46,209 Samsung Galaxy M52 5G add to DataBase
2024-02-08 19:54:46,209 Samsung Galaxy A03s add to DataBase
2024-02-08 19:54:46,209 Samsung Galaxy A52s 5G add to DataBase
2024-02-08 19:54:46,209 Samsung Galaxy Z Fold 3 5G add to DataBase
2024-02-08 19:54:46,209 Samsung Galaxy Z Flip 3 5G add to DataBase
2024-02-08 19:54:46,209 Samsung Galaxy M32 add to DataBase
2024-02-08 19:54:46,209 Samsung Galaxy A22 5G add to DataBase
2024-02-08 19:54:46,209 Samsung Galaxy A22 add to DataBase
2024-02-08 19:54:46,209 Samsung Galaxy A72 add to DataBase
2024-02-08 19:54:46,209 Samsung Galaxy A52 5G add to DataBase
2024-02-08 19:54:46,209 Samsung Galaxy A52 add to DataBase
2024-02-08 19:54:46,209 Samsung Galaxy A32 add to DataBase
2024-02-08 19:54:46,209 Samsung Galaxy A02 add to DataBase
2024-02-08 19:54:46,209 Samsung Galaxy S21 add to DataBase
2024-02-08 19:54:46,209 Samsung Galaxy S21 Plus add to DataBase
2024-02-08 19:54:46,210 Samsung Galaxy S21 Ultra add to DataBase
2024-02-08 19:54:46,210 Samsung Galaxy A32 5G add to DataBase
2024-02-08 19:54:46,210 Samsung Galaxy M12 add to DataBase
2024-02-08 19:54:46,210 Samsung Galaxy A02s add to DataBase
2024-02-08 19:54:46,210 Samsung Galaxy A12 add to DataBase
2024-02-08 19:54:46,210 Samsung Galaxy S20 FE 5G add to DataBase
2024-02-08 19:54:46,210 Samsung Galaxy S20 FE add to DataBase
2024-02-08 19:54:46,210 Samsung Galaxy A42 add to DataBase
2024-02-08 19:54:46,210 Samsung Galaxy M51 add to DataBase
2024-02-08 19:54:46,210 Samsung Galaxy Z Fold 2 add to DataBase
2024-02-08 19:54:46,210 Samsung Galaxy Note 20 Ultra add to DataBase
2024-02-08 19:54:46,210 Samsung Galaxy Note 20 add to DataBase
2024-02-08 19:54:46,210 Samsung Galaxy A21s add to DataBase
2024-02-08 19:56:16,680 DataBase doesn't need updating
2024-02-08 19:56:17,283 DataBase ITEMS doesn't need updating
2024-02-08 19:56:23,009 DataBase ITEMS doesn't need updating
2024-02-08 19:56:28,993 DataBase ITEMS doesn't need updating
2024-02-08 19:56:34,822 DataBase ITEMS doesn't need updating
2024-02-08 19:56:40,909 DataBase ITEMS doesn't need updating
2024-02-08 19:56:47,515 Samsung Galaxy S24 Plus (Exynos) add to DataBase
2024-02-08 19:56:47,516 Samsung Galaxy S24 (Exynos) add to DataBase
2024-02-08 19:56:47,516 Samsung Galaxy S24 Plus (Snapdragon) add to DataBase
2024-02-08 19:56:47,516 Samsung Galaxy S24 (Snapdragon) add to DataBase
2024-02-08 19:56:47,516 Samsung Galaxy S24 Ultra add to DataBase
2024-02-08 19:56:47,516 Samsung Galaxy Xcover 7 add to DataBase
2024-02-08 19:56:47,516 Samsung Galaxy A15 4G add to DataBase
2024-02-08 19:56:47,516 Samsung Galaxy A15 5G add to DataBase
2024-02-08 19:56:47,517 Samsung Galaxy A25 add to DataBase
2024-02-08 19:56:47,517 Samsung Galaxy S23 FE (Exynos) add to DataBase
2024-02-08 19:56:47,517 Samsung Galaxy S23 FE (Snapdragon) add to DataBase
2024-02-08 19:56:47,517 Samsung Galaxy A05s add to DataBase
2024-02-08 19:56:47,517 Samsung Galaxy A05 add to DataBase
2024-02-08 19:56:47,517 Samsung Galaxy Z Flip 5 add to DataBase
2024-02-08 19:56:47,517 Samsung Galaxy Z Fold 5 add to DataBase
2024-02-08 19:56:47,517 Samsung Galaxy M34 5G add to DataBase
2024-02-08 19:56:47,518 Samsung Galaxy A24 4G add to DataBase
2024-02-08 19:56:47,518 Samsung Galaxy M54 add to DataBase
2024-02-08 19:56:47,518 Samsung Galaxy A34 5G add to DataBase
2024-02-08 19:56:47,518 Samsung Galaxy A54 5G add to DataBase
2024-02-08 19:56:47,518 Samsung Galaxy M14 add to DataBase
2024-02-08 19:56:47,518 Samsung Galaxy A14 add to DataBase
2024-02-08 19:56:47,518 Samsung Galaxy S23 Ultra add to DataBase
2024-02-08 19:56:47,518 Samsung Galaxy S23 Plus add to DataBase
2024-02-08 19:56:47,519 Samsung Galaxy S23 add to DataBase
2024-02-08 19:56:47,519 Samsung Galaxy A14 5G add to DataBase
2024-02-08 19:56:47,519 Samsung Galaxy A04e add to DataBase
2024-02-08 19:56:47,519 Samsung Galaxy A04s add to DataBase
2024-02-08 19:56:47,519 Samsung Galaxy A04 add to DataBase
2024-02-08 19:56:47,519 Samsung Galaxy Z Flip 4 add to DataBase
2024-02-08 19:56:47,519 Samsung Galaxy Z Fold 4 add to DataBase
2024-02-08 19:56:47,519 Samsung Galaxy A23 5G add to DataBase
2024-02-08 19:56:47,520 Samsung Galaxy Xcover 6 Pro add to DataBase
2024-02-08 19:56:47,520 Samsung Galaxy M13 add to DataBase
2024-02-08 19:56:47,520 Samsung Galaxy M53 add to DataBase
2024-02-08 19:56:47,520 Samsung Galaxy A73 5G add to DataBase
2024-02-08 19:56:47,520 Samsung Galaxy A53 5G add to DataBase
2024-02-08 19:56:47,520 Samsung Galaxy A33 5G add to DataBase
2024-02-08 19:56:47,520 Samsung Galaxy M33 5G add to DataBase
2024-02-08 19:56:47,520 Samsung Galaxy A23 add to DataBase
2024-02-08 19:56:47,520 Samsung Galaxy M23 add to DataBase
2024-02-08 19:56:47,521 Samsung Galaxy A13 add to DataBase
2024-02-08 19:56:47,521 Samsung Galaxy S22 (Snapdragon) add to DataBase
2024-02-08 19:56:47,521 Samsung Galaxy S22 add to DataBase
2024-02-08 19:56:47,521 Samsung Galaxy S22 Plus (Snapdragon) add to DataBase
2024-02-08 19:56:47,521 Samsung Galaxy S22 Plus add to DataBase
2024-02-08 19:56:47,521 Samsung Galaxy S22 Ultra (Snapdragon) add to DataBase
2024-02-08 19:56:47,521 Samsung Galaxy S22 Ultra add to DataBase
2024-02-08 19:56:47,521 Samsung Galaxy S21 FE 5G add to DataBase
2024-02-08 19:56:47,522 Samsung Galaxy A13 5G add to DataBase
2024-02-08 19:56:47,522 Samsung Galaxy A03 add to DataBase
2024-02-08 19:56:47,522 Samsung Galaxy A03 Core add to DataBase
2024-02-08 19:56:47,522 Samsung Galaxy M52 5G add to DataBase
2024-02-08 19:56:47,522 Samsung Galaxy A03s add to DataBase
2024-02-08 19:56:47,522 Samsung Galaxy A52s 5G add to DataBase
2024-02-08 19:56:47,522 Samsung Galaxy Z Fold 3 5G add to DataBase
2024-02-08 19:56:47,522 Samsung Galaxy Z Flip 3 5G add to DataBase
2024-02-08 19:56:47,522 Samsung Galaxy M32 add to DataBase
2024-02-08 19:56:47,523 Samsung Galaxy A22 5G add to DataBase
2024-02-08 19:56:47,523 Samsung Galaxy A22 add to DataBase
2024-02-08 19:56:47,523 Samsung Galaxy A72 add to DataBase
2024-02-08 19:56:47,523 Samsung Galaxy A52 5G add to DataBase
2024-02-08 19:56:47,523 Samsung Galaxy A52 add to DataBase
2024-02-08 19:56:47,523 Samsung Galaxy A32 add to DataBase
2024-02-08 19:56:47,523 Samsung Galaxy A02 add to DataBase
2024-02-08 19:56:47,523 Samsung Galaxy S21 add to DataBase
2024-02-08 19:56:47,523 Samsung Galaxy S21 Plus add to DataBase
2024-02-08 19:56:47,524 Samsung Galaxy S21 Ultra add to DataBase
2024-02-08 19:56:47,524 Samsung Galaxy A32 5G add to DataBase
2024-02-08 19:56:47,524 Samsung Galaxy M12 add to DataBase
2024-02-08 19:56:47,524 Samsung Galaxy A02s add to DataBase
2024-02-08 19:56:47,524 Samsung Galaxy A12 add to DataBase
2024-02-08 19:56:47,524 Samsung Galaxy S20 FE 5G add to DataBase
2024-02-08 19:56:47,524 Samsung Galaxy S20 FE add to DataBase
2024-02-08 19:56:47,524 Samsung Galaxy A42 add to DataBase
2024-02-08 19:56:47,524 Samsung Galaxy M51 add to DataBase
2024-02-08 19:56:47,524 Samsung Galaxy Z Fold 2 add to DataBase
2024-02-08 19:56:47,525 Samsung Galaxy Note 20 Ultra add to DataBase
2024-02-08 19:56:47,525 Samsung Galaxy Note 20 add to DataBase
2024-02-08 19:56:47,525 Samsung Galaxy A21s add to DataBase
2024-02-08 19:56:53,263 Nokia G310 5G add to DataBase
2024-02-08 19:56:53,263 Nokia G42 add to DataBase
2024-02-08 19:56:53,263 Nokia XR21 add to DataBase
2024-02-08 19:56:53,263 Nokia C32 add to DataBase
2024-02-08 19:56:53,263 Nokia G22 add to DataBase
2024-02-08 19:56:53,263 Nokia G60 add to DataBase
2024-02-08 19:56:53,264 Nokia X30 add to DataBase
2024-02-08 19:56:53,264 Nokia G11 add to DataBase
2024-02-08 19:56:53,264 Nokia G21 add to DataBase
2024-02-08 19:56:53,264 Nokia XR20 add to DataBase
2024-02-08 19:56:53,264 Nokia G20 add to DataBase
2024-02-08 19:58:07,633 DataBase doesn't need updating
2024-02-08 19:58:08,241 DataBase ITEMS doesn't need updating
2024-02-08 19:58:14,004 DataBase ITEMS doesn't need updating
2024-02-08 19:58:20,119 DataBase ITEMS doesn't need updating
2024-02-08 19:58:26,053 DataBase ITEMS doesn't need updating
2024-02-08 19:58:32,177 DataBase ITEMS doesn't need updating
2024-02-08 19:58:38,941 DataBase ITEMS doesn't need updating
2024-02-08 19:58:44,660 Nokia G310 5G add to DataBase
2024-02-08 19:58:44,660 Nokia G42 add to DataBase
2024-02-08 19:58:44,660 Nokia XR21 add to DataBase
2024-02-08 19:58:44,660 Nokia C32 add to DataBase
2024-02-08 19:58:44,661 Nokia G22 add to DataBase
2024-02-08 19:58:44,661 Nokia G60 add to DataBase
2024-02-08 19:58:44,661 Nokia X30 add to DataBase
2024-02-08 19:58:44,661 Nokia G11 add to DataBase
2024-02-08 19:58:44,661 Nokia G21 add to DataBase
2024-02-08 19:58:44,661 Nokia XR20 add to DataBase
2024-02-08 19:58:44,661 Nokia G20 add to DataBase
2024-02-08 19:58:51,593 Xiaomi Redmi Note 13 Pro 4G add to DataBase
2024-02-08 19:58:51,594 Xiaomi Redmi Note 13 4G add to DataBase
2024-02-08 19:58:51,594 Xiaomi Poco M6 Pro add to DataBase
2024-02-08 19:58:51,594 Xiaomi Poco X6 Pro add to DataBase
2024-02-08 19:58:51,594 Xiaomi Poco X6 add to DataBase
2024-02-08 19:58:51,594 Xiaomi Redmi K70E add to DataBase
2024-02-08 19:58:51,594 Xiaomi Redmi K70 add to DataBase
2024-02-08 19:58:51,595 Xiaomi Redmi K70 Pro add to DataBase
2024-02-08 19:58:51,595 Xiaomi Poco M6 5G add to DataBase
2024-02-08 19:58:51,595 Xiaomi Redmi 13C 5G add to DataBase
2024-02-08 19:58:51,595 Xiaomi Redmi 13C add to DataBase
2024-02-08 19:58:51,595 Xiaomi Poco C65 add to DataBase
2024-02-08 19:58:51,595 Xiaomi 14 add to DataBase
2024-02-08 19:58:51,595 Xiaomi 14 Pro add to DataBase
2024-02-08 19:58:51,595 Xiaomi 13T Pro add to DataBase
2024-02-08 19:58:51,596 Xiaomi 13T add to DataBase
2024-02-08 19:58:51,596 Xiaomi Redmi Note 13 5G add to DataBase
2024-02-08 19:58:51,596 Xiaomi Redmi Note 13 Pro 5G add to DataBase
2024-02-08 19:58:51,596 Xiaomi Redmi Note 13 Pro Plus 5G add to DataBase
2024-02-08 19:58:51,596 Xiaomi Redmi K60 Ultra add to DataBase
2024-02-08 19:58:51,596 Xiaomi Mix Fold 3 add to DataBase
2024-02-08 19:58:51,596 Xiaomi Poco M6 Pro 5G add to DataBase
2024-02-08 19:58:51,596 Xiaomi Redmi 12 5G add to DataBase
2024-02-08 19:58:51,597 Xiaomi Redmi Note 12R add to DataBase
2024-02-08 19:58:51,597 Xiaomi Redmi 12 add to DataBase
2024-02-08 19:58:51,597 Xiaomi Redmi Note 12T Pro add to DataBase
2024-02-08 19:58:51,597 Xiaomi Poco F5 add to DataBase
2024-02-08 19:58:51,597 Xiaomi Poco F5 Pro add to DataBase
2024-02-08 19:58:51,597 Xiaomi 13 Ultra add to DataBase
2024-02-08 19:58:51,597 Xiaomi Redmi Note 12 Turbo add to DataBase
2024-02-08 19:58:51,597 Xiaomi Redmi A2 add to DataBase
2024-02-08 19:58:51,598 Xiaomi Redmi Note 12 add to DataBase
2024-02-08 19:58:51,598 Xiaomi Redmi Note 12S add to DataBase
2024-02-08 19:58:51,598 Xiaomi Redmi Note 12 Pro add to DataBase
2024-02-08 19:58:51,598 Xiaomi 13 Lite add to DataBase
2024-02-08 19:58:51,598 Xiaomi Poco X5 add to DataBase
2024-02-08 19:58:51,598 Xiaomi Poco X5 Pro add to DataBase
2024-02-08 19:58:51,598 Xiaomi Redmi 12C add to DataBase
2024-02-08 19:58:51,598 Xiaomi Redmi K60 Pro add to DataBase
2024-02-08 19:58:51,598 Xiaomi Redmi K60 add to DataBase
2024-02-08 19:58:51,599 Xiaomi 13 Pro add to DataBase
2024-02-08 19:58:51,599 Xiaomi 13 add to DataBase
2024-02-08 19:58:51,599 Xiaomi Redmi Note 12 5G add to DataBase
2024-02-08 19:58:51,599 Xiaomi Redmi Note 12 Pro Plus 5G add to DataBase
2024-02-08 19:58:51,599 Xiaomi Redmi Note 12 Pro 5G add to DataBase
2024-02-08 19:58:51,599 Xiaomi 12T Pro add to DataBase
2024-02-08 19:58:51,599 Xiaomi 12T add to DataBase
2024-02-08 19:58:51,599 Xiaomi Poco M5s add to DataBase
2024-02-08 19:58:51,600 Xiaomi Poco M5 add to DataBase
2024-02-08 19:58:51,600 Xiaomi 12 Lite add to DataBase
2024-02-08 19:58:51,600 Xiaomi Poco C40 add to DataBase
2024-02-08 19:58:51,600 Xiaomi 12S add to DataBase
2024-02-08 19:58:51,600 Xiaomi 12S Ultra add to DataBase
2024-02-08 19:58:51,600 Xiaomi Poco X4 GT add to DataBase
2024-02-08 19:58:51,600 Xiaomi Poco F4 add to DataBase
2024-02-08 19:58:51,600 Xiaomi Poco F4 GT add to DataBase
2024-02-08 19:58:51,601 Xiaomi Redmi 10A add to DataBase
2024-02-08 19:58:51,601 Xiaomi Redmi 10C add to DataBase
2024-02-08 19:58:51,601 Xiaomi Redmi Note 11E Pro add to DataBase
2024-02-08 19:58:51,601 Xiaomi Poco X4 Pro 5G add to DataBase
2024-02-08 19:58:51,601 Xiaomi Poco M4 Pro add to DataBase
2024-02-08 19:58:51,601 Xiaomi Redmi 10 2022 add to DataBase
2024-02-08 19:58:51,601 Xiaomi Redmi Note 11 Pro 5G add to DataBase
2024-02-08 19:58:51,601 Xiaomi Redmi Note 11S add to DataBase
2024-02-08 19:58:51,602 Xiaomi Redmi Note 11 Pro (Global) add to DataBase
2024-02-08 19:58:51,602 Xiaomi Redmi Note 11 add to DataBase
2024-02-08 19:58:51,602 Xiaomi 12X add to DataBase
2024-02-08 19:58:51,602 Xiaomi 12 Pro add to DataBase
2024-02-08 19:58:51,602 Xiaomi 12 add to DataBase
2024-02-08 19:58:51,602 Xiaomi Poco M4 Pro 5G add to DataBase
2024-02-08 19:58:51,602 Xiaomi Redmi Note 11 Pro Plus add to DataBase
2024-02-08 19:58:51,602 Xiaomi 11 Lite 5G NE add to DataBase
2024-02-08 19:58:51,602 Xiaomi 11T add to DataBase
2024-02-08 19:58:51,602 Xiaomi 11T Pro add to DataBase
2024-02-08 19:58:51,602 Xiaomi Redmi 10 add to DataBase
2024-02-08 19:58:51,603 Xiaomi Poco X3 GT add to DataBase
2024-02-08 19:58:51,603 Xiaomi Poco M3 Pro add to DataBase
2024-02-08 19:58:51,603 Xiaomi Mi 11 Lite 5G add to DataBase
2024-02-08 19:58:51,603 Xiaomi Mi 11 Pro add to DataBase
2024-02-08 19:58:51,603 Xiaomi Mi 11 Ultra add to DataBase
2024-02-08 19:59:59,525 DataBase doesn't need updating
2024-02-08 20:00:00,103 DataBase ITEMS doesn't need updating
2024-02-08 20:00:05,882 DataBase ITEMS doesn't need updating
2024-02-08 20:00:11,974 DataBase ITEMS doesn't need updating
2024-02-08 20:00:17,969 DataBase ITEMS doesn't need updating
2024-02-08 20:00:23,827 DataBase ITEMS doesn't need updating
2024-02-08 20:00:30,299 DataBase ITEMS doesn't need updating
2024-02-08 20:00:35,942 DataBase ITEMS doesn't need updating
2024-02-08 20:00:42,492 Xiaomi Redmi Note 13 Pro 4G add to DataBase
2024-02-08 20:00:42,492 Xiaomi Redmi Note 13 4G add to DataBase
2024-02-08 20:00:42,492 Xiaomi Poco M6 Pro add to DataBase
2024-02-08 20:00:42,492 Xiaomi Poco X6 Pro add to DataBase
2024-02-08 20:00:42,492 Xiaomi Poco X6 add to DataBase
2024-02-08 20:00:42,493 Xiaomi Redmi K70E add to DataBase
2024-02-08 20:00:42,493 Xiaomi Redmi K70 add to DataBase
2024-02-08 20:00:42,493 Xiaomi Redmi K70 Pro add to DataBase
2024-02-08 20:00:42,493 Xiaomi Poco M6 5G add to DataBase
2024-02-08 20:00:42,493 Xiaomi Redmi 13C 5G add to DataBase
2024-02-08 20:00:42,493 Xiaomi Redmi 13C add to DataBase
2024-02-08 20:00:42,493 Xiaomi Poco C65 add to DataBase
2024-02-08 20:00:42,493 Xiaomi 14 add to DataBase
2024-02-08 20:00:42,493 Xiaomi 14 Pro add to DataBase
2024-02-08 20:00:42,493 Xiaomi 13T Pro add to DataBase
2024-02-08 20:00:42,493 Xiaomi 13T add to DataBase
2024-02-08 20:00:42,493 Xiaomi Redmi Note 13 5G add to DataBase
2024-02-08 20:00:42,493 Xiaomi Redmi Note 13 Pro 5G add to DataBase
2024-02-08 20:00:42,493 Xiaomi Redmi Note 13 Pro Plus 5G add to DataBase
2024-02-08 20:00:42,493 Xiaomi Redmi K60 Ultra add to DataBase
2024-02-08 20:00:42,493 Xiaomi Mix Fold 3 add to DataBase
2024-02-08 20:00:42,493 Xiaomi Poco M6 Pro 5G add to DataBase
2024-02-08 20:00:42,494 Xiaomi Redmi 12 5G add to DataBase
2024-02-08 20:00:42,494 Xiaomi Redmi Note 12R add to DataBase
2024-02-08 20:00:42,494 Xiaomi Redmi 12 add to DataBase
2024-02-08 20:00:42,494 Xiaomi Redmi Note 12T Pro add to DataBase
2024-02-08 20:00:42,494 Xiaomi Poco F5 add to DataBase
2024-02-08 20:00:42,494 Xiaomi Poco F5 Pro add to DataBase
2024-02-08 20:00:42,494 Xiaomi 13 Ultra add to DataBase
2024-02-08 20:00:42,494 Xiaomi Redmi Note 12 Turbo add to DataBase
2024-02-08 20:00:42,494 Xiaomi Redmi A2 add to DataBase
2024-02-08 20:00:42,494 Xiaomi Redmi Note 12 add to DataBase
2024-02-08 20:00:42,494 Xiaomi Redmi Note 12S add to DataBase
2024-02-08 20:00:42,495 Xiaomi Redmi Note 12 Pro add to DataBase
2024-02-08 20:00:42,495 Xiaomi 13 Lite add to DataBase
2024-02-08 20:00:42,495 Xiaomi Poco X5 add to DataBase
2024-02-08 20:00:42,495 Xiaomi Poco X5 Pro add to DataBase
2024-02-08 20:00:42,495 Xiaomi Redmi 12C add to DataBase
2024-02-08 20:00:42,495 Xiaomi Redmi K60 Pro add to DataBase
2024-02-08 20:00:42,495 Xiaomi Redmi K60 add to DataBase
2024-02-08 20:00:42,495 Xiaomi 13 Pro add to DataBase
2024-02-08 20:00:42,495 Xiaomi 13 add to DataBase
2024-02-08 20:00:42,495 Xiaomi Redmi Note 12 5G add to DataBase
2024-02-08 20:00:42,495 Xiaomi Redmi Note 12 Pro Plus 5G add to DataBase
2024-02-08 20:00:42,495 Xiaomi Redmi Note 12 Pro 5G add to DataBase
2024-02-08 20:00:42,495 Xiaomi 12T Pro add to DataBase
2024-02-08 20:00:42,495 Xiaomi 12T add to DataBase
2024-02-08 20:00:42,495 Xiaomi Poco M5s add to DataBase
2024-02-08 20:00:42,495 Xiaomi Poco M5 add to DataBase
2024-02-08 20:00:42,496 Xiaomi 12 Lite add to DataBase
2024-02-08 20:00:42,496 Xiaomi Poco C40 add to DataBase
2024-02-08 20:00:42,496 Xiaomi 12S add to DataBase
2024-02-08 20:00:42,496 Xiaomi 12S Ultra add to DataBase
2024-02-08 20:00:42,496 Xiaomi Poco X4 GT add to DataBase
2024-02-08 20:00:42,496 Xiaomi Poco F4 add to DataBase
2024-02-08 20:00:42,496 Xiaomi Poco F4 GT add to DataBase
2024-02-08 20:00:42,496 Xiaomi Redmi 10A add to DataBase
2024-02-08 20:00:42,496 Xiaomi Redmi 10C add to DataBase
2024-02-08 20:00:42,496 Xiaomi Redmi Note 11E Pro add to DataBase
2024-02-08 20:00:42,496 Xiaomi Poco X4 Pro 5G add to DataBase
2024-02-08 20:00:42,496 Xiaomi Poco M4 Pro add to DataBase
2024-02-08 20:00:42,496 Xiaomi Redmi 10 2022 add to DataBase
2024-02-08 20:00:42,496 Xiaomi Redmi Note 11 Pro 5G add to DataBase
2024-02-08 20:00:42,496 Xiaomi Redmi Note 11S add to DataBase
2024-02-08 20:00:42,496 Xiaomi Redmi Note 11 Pro (Global) add to DataBase
2024-02-08 20:00:42,496 Xiaomi Redmi Note 11 add to DataBase
2024-02-08 20:00:42,496 Xiaomi 12X add to DataBase
2024-02-08 20:00:42,496 Xiaomi 12 Pro add to DataBase
2024-02-08 20:00:42,497 Xiaomi 12 add to DataBase
2024-02-08 20:00:42,497 Xiaomi Poco M4 Pro 5G add to DataBase
2024-02-08 20:00:42,497 Xiaomi Redmi Note 11 Pro Plus add to DataBase
2024-02-08 20:00:42,497 Xiaomi 11 Lite 5G NE add to DataBase
2024-02-08 20:00:42,497 Xiaomi 11T add to DataBase
2024-02-08 20:00:42,497 Xiaomi 11T Pro add to DataBase
2024-02-08 20:00:42,497 Xiaomi Redmi 10 add to DataBase
2024-02-08 20:00:42,497 Xiaomi Poco X3 GT add to DataBase
2024-02-08 20:00:42,497 Xiaomi Poco M3 Pro add to DataBase
2024-02-08 20:00:42,497 Xiaomi Mi 11 Lite 5G add to DataBase
2024-02-08 20:00:42,497 Xiaomi Mi 11 Pro add to DataBase
2024-02-08 20:00:42,497 Xiaomi Mi 11 Ultra add to DataBase
2024-02-08 20:00:48,318 Huawei Nova 12 Lite add to DataBase
2024-02-08 20:00:48,319 Huawei Nova 12 Ultra add to DataBase
2024-02-08 20:00:48,319 Huawei Nova 12 Pro add to DataBase
2024-02-08 20:00:48,319 Huawei Nova 12 add to DataBase
2024-02-08 20:00:48,319 Huawei Mate 60 Pro Plus add to DataBase
2024-02-08 20:00:48,319 Huawei Mate 60 add to DataBase
2024-02-08 20:00:48,319 Huawei Mate 60 Pro add to DataBase
2024-02-08 20:00:48,319 Honor 90 Pro add to DataBase
2024-02-08 20:00:48,319 Huawei Nova Y91 add to DataBase
2024-02-08 20:00:48,319 Huawei Nova 11 add to DataBase
2024-02-08 20:00:48,319 Huawei Nova 11 Pro add to DataBase
2024-02-08 20:00:48,319 Huawei P60 add to DataBase
2024-02-08 20:00:48,319 Huawei P60 Pro add to DataBase
2024-02-08 20:00:48,319 Huawei Mate 50 Pro add to DataBase
2024-02-08 20:00:48,319 Huawei Nova 9 add to DataBase
2024-02-08 20:00:48,319 Huawei P50 Pro add to DataBase
2024-02-08 20:00:48,319 Huawei P40 Pro add to DataBase
2024-02-08 20:00:48,319 Huawei P40 add to DataBase
2024-02-08 20:00:48,319 Huawei P40 Lite add to DataBase
2024-02-08 20:00:48,319 Huawei Nova 5T add to DataBase
2024-02-08 20:00:48,319 Huawei P30 Lite add to DataBase
2024-02-08 20:00:48,320 Huawei P30 Pro add to DataBase
2024-02-08 20:00:48,320 Huawei P30 add to DataBase
2024-02-08 20:00:48,320 Huawei Mate 20 Pro add to DataBase
2024-02-08 20:00:48,320 Huawei P20 Pro add to DataBase
